<?xml version="1.0" encoding="UTF-8"?>
<!-- Generated by org.testng.reporters.JUnitReportReporter -->
<testsuite skipped="0" hostname="CDC2-D-4BS2N62" name="testing2.CHECK.DragDrop" tests="1" failures="0" timestamp="14 Nov 2019 05:46:55 GMT" time="0.576" errors="0">
  <testcase name="dragdropDemo" time="0.576" classname="testing2.CHECK.DragDrop"/>
</testsuite> <!-- testing2.CHECK.DragDrop -->
