<?xml version="1.0" encoding="UTF-8"?>
<!-- Generated by org.testng.reporters.JUnitReportReporter -->
<testsuite skipped="0" hostname="CDC2-D-4BS2N62" name="test.check" tests="2" failures="0" timestamp="14 Nov 2019 03:44:05 GMT" time="6.744" errors="0">
  <testcase name="doLogin" time="6.268" classname="test.check"/>
  <testcase name="doTicketing" time="0.476" classname="test.check"/>
</testsuite> <!-- test.check -->
