<?xml version="1.0" encoding="UTF-8"?>
<!-- Generated by org.testng.reporters.JUnitReportReporter -->
<testsuite skipped="0" hostname="CDC2-D-4BS2N62" name="testing2.CHECK.demo1" tests="2" failures="0" timestamp="14 Nov 2019 05:28:54 GMT" time="0.891" errors="0">
  <testcase name="contextClick" time="0.701" classname="testing2.CHECK.demo1"/>
  <testcase name="doAction" time="0.190" classname="testing2.CHECK.demo1"/>
</testsuite> <!-- testing2.CHECK.demo1 -->
