<?xml version="1.0" encoding="UTF-8"?>
<!-- Generated by org.testng.reporters.JUnitReportReporter -->
<testsuite skipped="0" hostname="CDC2-D-4BS2N62" name="testing2.CHECK.HandlingFram" tests="1" failures="0" timestamp="14 Nov 2019 07:15:34 GMT" time="0.368" errors="0">
  <testcase name="frames" time="0.368" classname="testing2.CHECK.HandlingFram"/>
</testsuite> <!-- testing2.CHECK.HandlingFram -->
