<?xml version="1.0" encoding="UTF-8"?>
<!-- Generated by org.testng.reporters.JUnitReportReporter -->
<testsuite skipped="0" hostname="CDC2-D-4BS2N62" name="testing2.CHECK.doubleclick" tests="1" failures="0" timestamp="14 Nov 2019 09:55:26 GMT" time="0.554" errors="0">
  <testcase name="doubleClick" time="0.554" classname="testing2.CHECK.doubleclick"/>
</testsuite> <!-- testing2.CHECK.doubleclick -->
